MPASM  5.14                         CODE2.ASM   4-24-2024  0:42:19         PAGE  1


LOC  OBJECT CODE     LINE SOURCE TEXT
  VALUE

                      00001 #include <p16F877.inc>
                      00001         LIST
                      00002 ; P16F877.INC  Standard Header File, Version 1.00    Microchip Technology, Inc.
                      00373         LIST
                      00002 
Warning[205]: Found directive in column 1. (ORG)
0000                  00003 ORG 0x00
                      00004 
  0000000C            00005 COMPT EQU 0x0c
                      00006 
Warning[203]: Found opcode in column 1. (BSF)
0000   1683           00007 BSF STATUS, RP0 ; bank 1
Warning[203]: Found opcode in column 1. (BCF)
0001   1303           00008 BCF STATUS, RP1
                      00009 
Warning[203]: Found opcode in column 1. (MOVLW)
0002   3000           00010 MOVLW  b'00000000'
Warning[203]: Found opcode in column 1. (MOVWF)
Message[302]: Register in operand not in bank 0.  Ensure that bank bits are correct.
0003   0087           00011 MOVWF TRISC ; sortie= port C 
                      00012 
Warning[203]: Found opcode in column 1. (BCF)
0004   1283           00013 BCF STATUS, RP0 ; bank 0
Warning[203]: Found opcode in column 1. (MOVLW)
0005   3000           00014 MOVLW  b'00000000'
Warning[203]: Found opcode in column 1. (MOVWF)
0006   0087           00015 MOVWF PORTC ; configurer tous bites de port C en 0
                      00016 
Warning[203]: Found opcode in column 1. (CALL)
0007   2021           00017 CALL ATTENDRE1
                      00018 
0008                  00019 boucle
Warning[203]: Found opcode in column 1. (MOVLW)
0008   3001           00020 MOVLW  b'00000001'
Warning[203]: Found opcode in column 1. (MOVWF)
0009   0087           00021 MOVWF PORTC ; configurer le bit 0 du port C en 1
Warning[203]: Found opcode in column 1. (CALL)
000A   2021           00022 CALL ATTENDRE1
Warning[203]: Found opcode in column 1. (MOVLW)
000B   3002           00023 MOVLW  b'00000010'
Warning[203]: Found opcode in column 1. (MOVWF)
000C   0087           00024 MOVWF PORTC ; configurer le bit 1 du port C en 1
Warning[203]: Found opcode in column 1. (CALL)
000D   2021           00025 CALL ATTENDRE1
Warning[203]: Found opcode in column 1. (MOVLW)
000E   3004           00026 MOVLW b'00000100'
Warning[203]: Found opcode in column 1. (MOVWF)
000F   0087           00027 MOVWF PORTC ; configurer le bit 2 du port C en 1
Warning[203]: Found opcode in column 1. (CALL)
0010   2021           00028 CALL ATTENDRE1
Warning[203]: Found opcode in column 1. (MOVLW)
0011   3008           00029 MOVLW b'00001000'
Warning[203]: Found opcode in column 1. (MOVWF)
MPASM  5.14                         CODE2.ASM   4-24-2024  0:42:19         PAGE  2


LOC  OBJECT CODE     LINE SOURCE TEXT
  VALUE

0012   0087           00030 MOVWF PORTC ; configurer le bit 3 du port C en 1
Warning[203]: Found opcode in column 1. (CALL)
0013   2021           00031 CALL ATTENDRE1
Warning[203]: Found opcode in column 1. (MOVLW)
0014   3010           00032 MOVLW b'00010000'
Warning[203]: Found opcode in column 1. (MOVWF)
0015   0087           00033 MOVWF PORTC ; configurer le bit 4 du port C en 1
Warning[203]: Found opcode in column 1. (CALL)
0016   2021           00034 CALL ATTENDRE1
Warning[203]: Found opcode in column 1. (MOVLW)
0017   3020           00035 MOVLW b'00100000'
Warning[203]: Found opcode in column 1. (MOVWF)
0018   0087           00036 MOVWF PORTC ; configurer le bit 5 du port C en 1
Warning[203]: Found opcode in column 1. (CALL)
0019   2021           00037 CALL ATTENDRE1
Warning[203]: Found opcode in column 1. (MOVLW)
001A   3040           00038 MOVLW b'01000000'
Warning[203]: Found opcode in column 1. (MOVWF)
001B   0087           00039 MOVWF PORTC ; configurer le bit 6 du port C en 1
Warning[203]: Found opcode in column 1. (CALL)
001C   2021           00040 CALL ATTENDRE1
Warning[203]: Found opcode in column 1. (MOVLW)
001D   3080           00041 MOVLW b'10000000'
Warning[203]: Found opcode in column 1. (MOVWF)
001E   0087           00042 MOVWF PORTC ; configurer le bit 7 du port C en 1
Warning[203]: Found opcode in column 1. (CALL)
001F   2021           00043 CALL ATTENDRE1
Warning[203]: Found opcode in column 1. (GOTO)
0020   2808           00044 GOTO boucle
                      00045 
0021                  00046 ATTENDRE1
Warning[203]: Found opcode in column 1. (MOVLW)
0021   300F           00047 MOVLW 0x0F
Warning[203]: Found opcode in column 1. (MOVWF)
0022   008C           00048 MOVWF  COMPT
0023                  00049 ATTENDRE2
Warning[203]: Found opcode in column 1. (DECFSZ)
0023   0B8C           00050 DECFSZ  COMPT, F
Warning[203]: Found opcode in column 1. (GOTO)
0024   2823           00051 GOTO ATTENDRE2
Warning[203]: Found opcode in column 1. (RETURN)
0025   0008           00052 RETURN
                      00053 
Warning[205]: Found directive in column 1. (End)
                      00054 End
MPASM  5.14                         CODE2.ASM   4-24-2024  0:42:19         PAGE  3


SYMBOL TABLE
  LABEL                             VALUE 

ACKDT                             00000005
ACKEN                             00000004
ACKSTAT                           00000006
ADCON0                            0000001F
ADCON1                            0000009F
ADCS0                             00000006
ADCS1                             00000007
ADDEN                             00000003
ADFM                              00000007
ADIE                              00000006
ADIF                              00000006
ADON                              00000000
ADRESH                            0000001E
ADRESL                            0000009E
ATTENDRE1                         00000021
ATTENDRE2                         00000023
BCLIE                             00000003
BCLIF                             00000003
BF                                00000000
BRGH                              00000002
C                                 00000000
CCP1CON                           00000017
CCP1IE                            00000002
CCP1IF                            00000002
CCP1M0                            00000000
CCP1M1                            00000001
CCP1M2                            00000002
CCP1M3                            00000003
CCP1X                             00000005
CCP1Y                             00000004
CCP2CON                           0000001D
CCP2IE                            00000000
CCP2IF                            00000000
CCP2M0                            00000000
CCP2M1                            00000001
CCP2M2                            00000002
CCP2M3                            00000003
CCP2X                             00000005
CCP2Y                             00000004
CCPR1H                            00000016
CCPR1L                            00000015
CCPR2H                            0000001C
CCPR2L                            0000001B
CHS0                              00000003
CHS1                              00000004
CHS2                              00000005
CKE                               00000006
CKP                               00000004
COMPT                             0000000C
CREN                              00000004
CSRC                              00000007
D                                 00000005
DATA_ADDRESS                      00000005
MPASM  5.14                         CODE2.ASM   4-24-2024  0:42:19         PAGE  4


SYMBOL TABLE
  LABEL                             VALUE 

DC                                00000001
D_A                               00000005
EEADR                             0000010D
EEADRH                            0000010F
EECON1                            0000018C
EECON2                            0000018D
EEDATA                            0000010C
EEDATH                            0000010E
EEIE                              00000004
EEIF                              00000004
EEPGD                             00000007
F                                 00000001
FERR                              00000002
FSR                               00000004
GCEN                              00000007
GIE                               00000007
GO                                00000002
GO_DONE                           00000002
I2C_DATA                          00000005
I2C_READ                          00000002
I2C_START                         00000003
I2C_STOP                          00000004
IBF                               00000007
IBOV                              00000005
INDF                              00000000
INTCON                            0000000B
INTE                              00000004
INTEDG                            00000006
INTF                              00000001
IRP                               00000007
NOT_A                             00000005
NOT_ADDRESS                       00000005
NOT_BO                            00000000
NOT_BOR                           00000000
NOT_DONE                          00000002
NOT_PD                            00000003
NOT_POR                           00000001
NOT_RBPU                          00000007
NOT_RC8                           00000006
NOT_T1SYNC                        00000002
NOT_TO                            00000004
NOT_TX8                           00000006
NOT_W                             00000002
NOT_WRITE                         00000002
OBF                               00000006
OERR                              00000001
OPTION_REG                        00000081
P                                 00000004
PCFG0                             00000000
PCFG1                             00000001
PCFG2                             00000002
PCFG3                             00000003
PCL                               00000002
MPASM  5.14                         CODE2.ASM   4-24-2024  0:42:19         PAGE  5


SYMBOL TABLE
  LABEL                             VALUE 

PCLATH                            0000000A
PCON                              0000008E
PEIE                              00000006
PEN                               00000002
PIE1                              0000008C
PIE2                              0000008D
PIR1                              0000000C
PIR2                              0000000D
PORTA                             00000005
PORTB                             00000006
PORTC                             00000007
PORTD                             00000008
PORTE                             00000009
PR2                               00000092
PS0                               00000000
PS1                               00000001
PS2                               00000002
PSA                               00000003
PSPIE                             00000007
PSPIF                             00000007
PSPMODE                           00000004
R                                 00000002
RBIE                              00000003
RBIF                              00000000
RC8_9                             00000006
RC9                               00000006
RCD8                              00000000
RCEN                              00000003
RCIE                              00000005
RCIF                              00000005
RCREG                             0000001A
RCSTA                             00000018
RD                                00000000
READ_WRITE                        00000002
RP0                               00000005
RP1                               00000006
RSEN                              00000001
RX9                               00000006
RX9D                              00000000
R_W                               00000002
S                                 00000003
SEN                               00000000
SMP                               00000007
SPBRG                             00000099
SPEN                              00000007
SREN                              00000005
SSPADD                            00000093
SSPBUF                            00000013
SSPCON                            00000014
SSPCON2                           00000091
SSPEN                             00000005
SSPIE                             00000003
SSPIF                             00000003
MPASM  5.14                         CODE2.ASM   4-24-2024  0:42:19         PAGE  6


SYMBOL TABLE
  LABEL                             VALUE 

SSPM0                             00000000
SSPM1                             00000001
SSPM2                             00000002
SSPM3                             00000003
SSPOV                             00000006
SSPSTAT                           00000094
STATUS                            00000003
SYNC                              00000004
T0CS                              00000005
T0IE                              00000005
T0IF                              00000002
T0SE                              00000004
T1CKPS0                           00000004
T1CKPS1                           00000005
T1CON                             00000010
T1INSYNC                          00000002
T1OSCEN                           00000003
T1SYNC                            00000002
T2CKPS0                           00000000
T2CKPS1                           00000001
T2CON                             00000012
TMR0                              00000001
TMR1CS                            00000001
TMR1H                             0000000F
TMR1IE                            00000000
TMR1IF                            00000000
TMR1L                             0000000E
TMR1ON                            00000000
TMR2                              00000011
TMR2IE                            00000001
TMR2IF                            00000001
TMR2ON                            00000002
TOUTPS0                           00000003
TOUTPS1                           00000004
TOUTPS2                           00000005
TOUTPS3                           00000006
TRISA                             00000085
TRISB                             00000086
TRISC                             00000087
TRISD                             00000088
TRISE                             00000089
TRISE0                            00000000
TRISE1                            00000001
TRISE2                            00000002
TRMT                              00000001
TX8_9                             00000006
TX9                               00000006
TX9D                              00000000
TXD8                              00000000
TXEN                              00000005
TXIE                              00000004
TXIF                              00000004
TXREG                             00000019
MPASM  5.14                         CODE2.ASM   4-24-2024  0:42:19         PAGE  7


SYMBOL TABLE
  LABEL                             VALUE 

TXSTA                             00000098
UA                                00000001
W                                 00000000
WCOL                              00000007
WR                                00000001
WREN                              00000002
WRERR                             00000003
Z                                 00000002
_BODEN_OFF                        00003FBF
_BODEN_ON                         00003FFF
_CPD_OFF                          00003FFF
_CPD_ON                           00003EFF
_CP_ALL                           00000FCF
_CP_HALF                          00001FDF
_CP_OFF                           00003FFF
_CP_UPPER_256                     00002FEF
_DEBUG_OFF                        00003FFF
_DEBUG_ON                         000037FF
_HS_OSC                           00003FFE
_LP_OSC                           00003FFC
_LVP_OFF                          00003F7F
_LVP_ON                           00003FFF
_PWRTE_OFF                        00003FFF
_PWRTE_ON                         00003FF7
_RC_OSC                           00003FFF
_WDT_OFF                          00003FFB
_WDT_ON                           00003FFF
_WRT_ENABLE_OFF                   00003DFF
_WRT_ENABLE_ON                    00003FFF
_XT_OSC                           00003FFD
__16F877                          00000001
boucle                            00000008


MEMORY USAGE MAP ('X' = Used,  '-' = Unused)

0000 : XXXXXXXXXXXXXXXX XXXXXXXXXXXXXXXX XXXXXX---------- ----------------

All other memory blocks unused.

Program Memory Words Used:    38
Program Memory Words Free:  8154


Errors   :     0
Warnings :    40 reported,     0 suppressed
Messages :     1 reported,     0 suppressed

